TN:
SF:src\biblioteca.js
FN:2,(anonymous_0)
FN:7,(anonymous_1)
FN:11,(anonymous_2)
FN:12,(anonymous_3)
FN:15,(anonymous_4)
FN:16,(anonymous_5)
FN:19,(anonymous_6)
FN:20,(anonymous_7)
FN:23,(anonymous_8)
FN:27,(anonymous_9)
FN:31,(anonymous_10)
FN:32,(anonymous_11)
FN:35,(anonymous_12)
FN:36,(anonymous_13)
FN:39,(anonymous_14)
FN:43,(anonymous_15)
FN:55,(anonymous_16)
FN:65,(anonymous_17)
FN:66,(anonymous_18)
FN:69,(anonymous_19)
FN:70,(anonymous_20)
FN:73,(anonymous_21)
FN:77,(anonymous_22)
FN:81,(anonymous_23)
FN:82,(anonymous_24)
FN:85,(anonymous_25)
FN:86,(anonymous_26)
FN:89,(anonymous_27)
FN:96,(anonymous_28)
FN:97,(anonymous_29)
FNF:30
FNH:30
FNDA:15,(anonymous_0)
FNDA:30,(anonymous_1)
FNDA:1,(anonymous_2)
FNDA:2,(anonymous_3)
FNDA:12,(anonymous_4)
FNDA:19,(anonymous_5)
FNDA:3,(anonymous_6)
FNDA:6,(anonymous_7)
FNDA:2,(anonymous_8)
FNDA:18,(anonymous_9)
FNDA:2,(anonymous_10)
FNDA:3,(anonymous_11)
FNDA:4,(anonymous_12)
FNDA:6,(anonymous_13)
FNDA:3,(anonymous_14)
FNDA:3,(anonymous_15)
FNDA:2,(anonymous_16)
FNDA:3,(anonymous_17)
FNDA:5,(anonymous_18)
FNDA:1,(anonymous_19)
FNDA:2,(anonymous_20)
FNDA:1,(anonymous_21)
FNDA:1,(anonymous_22)
FNDA:1,(anonymous_23)
FNDA:3,(anonymous_24)
FNDA:1,(anonymous_25)
FNDA:3,(anonymous_26)
FNDA:1,(anonymous_27)
FNDA:2,(anonymous_28)
FNDA:8,(anonymous_29)
DA:3,15
DA:4,15
DA:8,30
DA:12,2
DA:16,19
DA:20,6
DA:24,2
DA:28,18
DA:32,3
DA:36,6
DA:40,3
DA:44,3
DA:45,3
DA:47,3
DA:48,2
DA:49,2
DA:50,2
DA:52,1
DA:56,2
DA:57,2
DA:58,1
DA:59,1
DA:60,1
DA:62,1
DA:66,5
DA:70,2
DA:74,1
DA:78,1
DA:82,3
DA:86,3
DA:90,1
DA:91,1
DA:92,1
DA:97,8
DA:101,1
LF:35
LH:35
BRDA:47,0,0,2
BRDA:47,0,1,1
BRDA:47,1,0,3
BRDA:47,1,1,3
BRDA:47,1,2,3
BRDA:57,2,0,1
BRDA:57,2,1,1
BRDA:57,3,0,2
BRDA:57,3,1,2
BRDA:91,4,0,1
BRDA:91,4,1,0
BRF:11
BRH:10
end_of_record
